<?xml version="1.0" encoding="UTF-8"?>
<testng-results ignored="0" total="2" passed="2" failed="0" skipped="0">
  <reporter-output>
  </reporter-output>
  <suite started-at="2026-05-23T13:55:12 IST" name="DemoTestSuite" finished-at="2026-05-23T13:55:28 IST" duration-ms="16241">
    <groups>
    </groups>
    <test started-at="2026-05-23T13:55:12 IST" name="DemoTests" finished-at="2026-05-23T13:55:28 IST" duration-ms="16241">
      <class name="com.example.tests.LoginTest">
        <test-method is-config="true" signature="setUp()[pri:0, instance:com.example.tests.LoginTest@dbf57b3]" started-at="2026-05-23T13:55:12 IST" name="setUp" finished-at="2026-05-23T13:55:24 IST" duration-ms="11507" status="PASS">
          <reporter-output>
          </reporter-output>
        </test-method> <!-- setUp -->
        <test-method signature="shouldLogInToHerokuApp()[pri:0, instance:com.example.tests.LoginTest@dbf57b3]" started-at="2026-05-23T13:55:24 IST" name="shouldLogInToHerokuApp" finished-at="2026-05-23T13:55:28 IST" duration-ms="4429" status="PASS">
          <reporter-output>
          </reporter-output>
        </test-method> <!-- shouldLogInToHerokuApp -->
        <test-method is-config="true" signature="tearDown()[pri:0, instance:com.example.tests.LoginTest@dbf57b3]" started-at="2026-05-23T13:55:28 IST" name="tearDown" finished-at="2026-05-23T13:55:28 IST" duration-ms="205" status="PASS">
          <reporter-output>
          </reporter-output>
        </test-method> <!-- tearDown -->
      </class> <!-- com.example.tests.LoginTest -->
      <class name="com.example.tests.AppTest">
        <test-method signature="shouldAnswerWithTrue()[pri:0, instance:com.example.tests.AppTest@333291e3]" started-at="2026-05-23T13:55:12 IST" name="shouldAnswerWithTrue" finished-at="2026-05-23T13:55:12 IST" duration-ms="12" status="PASS">
          <reporter-output>
          </reporter-output>
        </test-method> <!-- shouldAnswerWithTrue -->
      </class> <!-- com.example.tests.AppTest -->
    </test> <!-- DemoTests -->
  </suite> <!-- DemoTestSuite -->
</testng-results>
